app/build/intermediates/manifest_merge_blame_file/debug/processDebugMainManifest/manifest-merger-blame-debug-report.txt
1<?xml version="1.0" encoding="utf-8"?>
2<manifest xmlns:android="http://schemas.android.com/apk/res/android"
3    package="com.geinzTienda.tiendasgeinzadmin"
4    android:versionCode="1"
5    android:versionName="1.0" >
6
7    <uses-sdk
8        android:minSdkVersion="24"
9        android:targetSdkVersion="34" />
10
11    <uses-permission android:name="android.permission.INTERNET" />
11-->src\main\AndroidManifest.xml:5:5-67
11-->src\main\AndroidManifest.xml:5:22-64
12    <uses-permission android:name="android.permission.POST_NOTIFICATIONS" />
12-->src\main\AndroidManifest.xml:6:5-77
12-->src\main\AndroidManifest.xml:6:22-74
13    <uses-permission android:name="android.permission.ACCESS_NETWORK_STATE" />
13-->[com.google.firebase:firebase-auth:23.0.0] AndroidManifest.xml:26:5-79
13-->[com.google.firebase:firebase-auth:23.0.0] AndroidManifest.xml:26:22-76
14    <uses-permission android:name="android.permission.WAKE_LOCK" /> <!-- Required by older versions of Google Play services to create IID tokens -->
14-->[com.google.firebase:firebase-messaging:24.0.0] AndroidManifest.xml:24:5-68
14-->[com.google.firebase:firebase-messaging:24.0.0] AndroidManifest.xml:24:22-65
15    <uses-permission android:name="com.google.android.c2dm.permission.RECEIVE" />
15-->[com.google.firebase:firebase-messaging:24.0.0] AndroidManifest.xml:26:5-82
15-->[com.google.firebase:firebase-messaging:24.0.0] AndroidManifest.xml:26:22-79
16    <uses-permission android:name="com.google.android.gms.permission.AD_ID" />
16-->[com.google.android.gms:play-services-measurement-api:22.0.1] AndroidManifest.xml:25:5-79
16-->[com.google.android.gms:play-services-measurement-api:22.0.1] AndroidManifest.xml:25:22-76
17    <uses-permission android:name="android.permission.ACCESS_ADSERVICES_ATTRIBUTION" />
17-->[com.google.android.gms:play-services-measurement-api:22.0.1] AndroidManifest.xml:26:5-88
17-->[com.google.android.gms:play-services-measurement-api:22.0.1] AndroidManifest.xml:26:22-85
18    <uses-permission android:name="android.permission.ACCESS_ADSERVICES_AD_ID" />
18-->[com.google.android.gms:play-services-measurement-api:22.0.1] AndroidManifest.xml:27:5-82
18-->[com.google.android.gms:play-services-measurement-api:22.0.1] AndroidManifest.xml:27:22-79
19    <uses-permission android:name="com.google.android.finsky.permission.BIND_GET_INSTALL_REFERRER_SERVICE" />
19-->[com.google.android.gms:play-services-measurement:22.0.1] AndroidManifest.xml:26:5-110
19-->[com.google.android.gms:play-services-measurement:22.0.1] AndroidManifest.xml:26:22-107
20    <uses-permission android:name="com.google.android.providers.gsf.permission.READ_GSERVICES" />
20-->[com.google.android.recaptcha:recaptcha:18.4.0] AndroidManifest.xml:9:5-98
20-->[com.google.android.recaptcha:recaptcha:18.4.0] AndroidManifest.xml:9:22-95
21
22    <permission
22-->[androidx.core:core:1.13.1] AndroidManifest.xml:22:5-24:47
23        android:name="com.geinzTienda.tiendasgeinzadmin.DYNAMIC_RECEIVER_NOT_EXPORTED_PERMISSION"
23-->[androidx.core:core:1.13.1] AndroidManifest.xml:23:9-81
24        android:protectionLevel="signature" />
24-->[androidx.core:core:1.13.1] AndroidManifest.xml:24:9-44
25
26    <uses-permission android:name="com.geinzTienda.tiendasgeinzadmin.DYNAMIC_RECEIVER_NOT_EXPORTED_PERMISSION" />
26-->[androidx.core:core:1.13.1] AndroidManifest.xml:26:5-97
26-->[androidx.core:core:1.13.1] AndroidManifest.xml:26:22-94
27
28    <application
28-->src\main\AndroidManifest.xml:8:5-78:19
29        android:name="com.example.tiendasgeinzadmin.TiendasGeinzAplication"
29-->src\main\AndroidManifest.xml:9:9-76
30        android:allowBackup="true"
30-->src\main\AndroidManifest.xml:10:9-35
31        android:appComponentFactory="androidx.core.app.CoreComponentFactory"
31-->[androidx.core:core:1.13.1] AndroidManifest.xml:28:18-86
32        android:dataExtractionRules="@xml/data_extraction_rules"
32-->src\main\AndroidManifest.xml:11:9-65
33        android:debuggable="true"
34        android:extractNativeLibs="false"
35        android:fullBackupContent="@xml/backup_rules"
35-->src\main\AndroidManifest.xml:12:9-54
36        android:icon="@mipmap/ic_launcher"
36-->src\main\AndroidManifest.xml:13:9-43
37        android:label="@string/app_name"
37-->src\main\AndroidManifest.xml:14:9-41
38        android:roundIcon="@mipmap/ic_launcher_round"
38-->src\main\AndroidManifest.xml:15:9-54
39        android:supportsRtl="true"
39-->src\main\AndroidManifest.xml:16:9-35
40        android:testOnly="true"
41        android:theme="@style/Theme.TiendasGeinzAdmin" >
41-->src\main\AndroidManifest.xml:17:9-55
42        <activity
42-->src\main\AndroidManifest.xml:19:9-21:40
43            android:name="com.example.tiendasgeinzadmin.editarPerfil"
43-->src\main\AndroidManifest.xml:20:13-70
44            android:exported="false" />
44-->src\main\AndroidManifest.xml:21:13-37
45        <activity
45-->src\main\AndroidManifest.xml:22:9-24:40
46            android:name="com.example.tiendasgeinzadmin.Horarios_tienda"
46-->src\main\AndroidManifest.xml:23:13-73
47            android:exported="false" />
47-->src\main\AndroidManifest.xml:24:13-37
48        <activity
48-->src\main\AndroidManifest.xml:25:9-28:55
49            android:name="com.example.tiendasgeinzadmin.agregarQrPagos"
49-->src\main\AndroidManifest.xml:26:13-72
50            android:exported="false"
50-->src\main\AndroidManifest.xml:27:13-37
51            android:windowSoftInputMode="adjustPan" />
51-->src\main\AndroidManifest.xml:28:13-52
52        <activity
52-->src\main\AndroidManifest.xml:29:9-32:55
53            android:name="com.geinzTienda.tiendasgeinzadmin.Fragmentos.vistas.cambar_estado_designar_delivery"
53-->src\main\AndroidManifest.xml:30:13-78
54            android:exported="false"
54-->src\main\AndroidManifest.xml:31:13-37
55            android:windowSoftInputMode="adjustPan" />
55-->src\main\AndroidManifest.xml:32:13-52
56        <activity
56-->src\main\AndroidManifest.xml:33:9-36:55
57            android:name="com.geinzTienda.tiendasgeinzadmin.Articulos"
57-->src\main\AndroidManifest.xml:34:13-38
58            android:exported="false"
58-->src\main\AndroidManifest.xml:35:13-37
59            android:windowSoftInputMode="adjustPan" />
59-->src\main\AndroidManifest.xml:36:13-52
60        <activity
60-->src\main\AndroidManifest.xml:37:9-40:55
61            android:name="com.geinzTienda.tiendasgeinzadmin.review"
61-->src\main\AndroidManifest.xml:38:13-35
62            android:exported="false"
62-->src\main\AndroidManifest.xml:39:13-37
63            android:windowSoftInputMode="adjustPan" />
63-->src\main\AndroidManifest.xml:40:13-52
64        <activity
64-->src\main\AndroidManifest.xml:41:9-50:20
65            android:name="com.geinzTienda.tiendasgeinzadmin.Principal"
65-->src\main\AndroidManifest.xml:42:13-38
66            android:exported="true"
66-->src\main\AndroidManifest.xml:43:13-36
67            android:windowSoftInputMode="adjustPan" >
67-->src\main\AndroidManifest.xml:44:13-52
68            <intent-filter>
68-->src\main\AndroidManifest.xml:45:13-49:29
69                <action android:name="INICIO" />
69-->src\main\AndroidManifest.xml:46:17-49
69-->src\main\AndroidManifest.xml:46:25-46
70
71                <category android:name="android.intent.category.DEFAULT" />
71-->src\main\AndroidManifest.xml:48:17-76
71-->src\main\AndroidManifest.xml:48:27-73
72            </intent-filter>
73        </activity>
74        <activity
74-->src\main\AndroidManifest.xml:51:9-59:20
75            android:name="com.geinzTienda.tiendasgeinzadmin.MainActivity"
75-->src\main\AndroidManifest.xml:52:13-41
76            android:exported="true" >
76-->src\main\AndroidManifest.xml:53:13-36
77            <intent-filter>
77-->src\main\AndroidManifest.xml:54:13-58:29
78                <action android:name="android.intent.action.MAIN" />
78-->src\main\AndroidManifest.xml:55:17-69
78-->src\main\AndroidManifest.xml:55:25-66
79
80                <category android:name="android.intent.category.LAUNCHER" />
80-->src\main\AndroidManifest.xml:57:17-77
80-->src\main\AndroidManifest.xml:57:27-74
81            </intent-filter>
82        </activity>
83
84        <service
84-->src\main\AndroidManifest.xml:61:9-67:19
85            android:name="com.geinzTienda.tiendasgeinzadmin.MyFirebaseMessagingService"
85-->src\main\AndroidManifest.xml:62:13-55
86            android:exported="true" >
86-->src\main\AndroidManifest.xml:63:13-36
87            <intent-filter>
87-->src\main\AndroidManifest.xml:64:13-66:29
88                <action android:name="com.google.firebase.MESSAGING_EVENT" />
88-->src\main\AndroidManifest.xml:65:17-78
88-->src\main\AndroidManifest.xml:65:25-75
89            </intent-filter>
90        </service>
91
92        <meta-data
92-->src\main\AndroidManifest.xml:69:9-71:64
93            android:name="com.google.firebase.messaging.default_notification_icon"
93-->src\main\AndroidManifest.xml:70:13-83
94            android:resource="@drawable/logo_geinz_circular" />
94-->src\main\AndroidManifest.xml:71:13-61
95        <meta-data
95-->src\main\AndroidManifest.xml:72:9-74:48
96            android:name="com.google.firebase.messaging.default_notification_color"
96-->src\main\AndroidManifest.xml:73:13-84
97            android:resource="@color/yellow" />
97-->src\main\AndroidManifest.xml:74:13-45
98        <meta-data
98-->src\main\AndroidManifest.xml:75:9-77:69
99            android:name="com.google.firebase.messaging.default_notification_channel_id"
99-->src\main\AndroidManifest.xml:76:13-89
100            android:value="@string/notificacion_chanel_id_defaul" />
100-->src\main\AndroidManifest.xml:77:13-66
101
102        <service
102-->[com.google.firebase:firebase-storage-ktx:21.0.0] AndroidManifest.xml:9:9-15:19
103            android:name="com.google.firebase.components.ComponentDiscoveryService"
103-->[com.google.firebase:firebase-storage-ktx:21.0.0] AndroidManifest.xml:10:13-84
104            android:directBootAware="true"
104-->[com.google.firebase:firebase-common:21.0.0] AndroidManifest.xml:32:13-43
105            android:exported="false" >
105-->[com.google.firebase:firebase-storage-ktx:21.0.0] AndroidManifest.xml:11:13-37
106            <meta-data
106-->[com.google.firebase:firebase-storage-ktx:21.0.0] AndroidManifest.xml:12:13-14:85
107                android:name="com.google.firebase.components:com.google.firebase.storage.ktx.FirebaseStorageLegacyRegistrar"
107-->[com.google.firebase:firebase-storage-ktx:21.0.0] AndroidManifest.xml:13:17-125
108                android:value="com.google.firebase.components.ComponentRegistrar" />
108-->[com.google.firebase:firebase-storage-ktx:21.0.0] AndroidManifest.xml:14:17-82
109            <meta-data
109-->[com.google.firebase:firebase-auth:23.0.0] AndroidManifest.xml:69:13-71:85
110                android:name="com.google.firebase.components:com.google.firebase.auth.FirebaseAuthRegistrar"
110-->[com.google.firebase:firebase-auth:23.0.0] AndroidManifest.xml:70:17-109
111                android:value="com.google.firebase.components.ComponentRegistrar" />
111-->[com.google.firebase:firebase-auth:23.0.0] AndroidManifest.xml:71:17-82
112            <meta-data
112-->[com.google.firebase:firebase-firestore:25.0.0] AndroidManifest.xml:17:13-19:85
113                android:name="com.google.firebase.components:com.google.firebase.firestore.FirebaseFirestoreKtxRegistrar"
113-->[com.google.firebase:firebase-firestore:25.0.0] AndroidManifest.xml:18:17-122
114                android:value="com.google.firebase.components.ComponentRegistrar" />
114-->[com.google.firebase:firebase-firestore:25.0.0] AndroidManifest.xml:19:17-82
115            <meta-data
115-->[com.google.firebase:firebase-firestore:25.0.0] AndroidManifest.xml:20:13-22:85
116                android:name="com.google.firebase.components:com.google.firebase.firestore.FirestoreRegistrar"
116-->[com.google.firebase:firebase-firestore:25.0.0] AndroidManifest.xml:21:17-111
117                android:value="com.google.firebase.components.ComponentRegistrar" />
117-->[com.google.firebase:firebase-firestore:25.0.0] AndroidManifest.xml:22:17-82
118            <meta-data
118-->[com.google.firebase:firebase-messaging:24.0.0] AndroidManifest.xml:57:13-59:85
119                android:name="com.google.firebase.components:com.google.firebase.messaging.FirebaseMessagingKtxRegistrar"
119-->[com.google.firebase:firebase-messaging:24.0.0] AndroidManifest.xml:58:17-122
120                android:value="com.google.firebase.components.ComponentRegistrar" />
120-->[com.google.firebase:firebase-messaging:24.0.0] AndroidManifest.xml:59:17-82
121            <meta-data
121-->[com.google.firebase:firebase-messaging:24.0.0] AndroidManifest.xml:60:13-62:85
122                android:name="com.google.firebase.components:com.google.firebase.messaging.FirebaseMessagingRegistrar"
122-->[com.google.firebase:firebase-messaging:24.0.0] AndroidManifest.xml:61:17-119
123                android:value="com.google.firebase.components.ComponentRegistrar" />
123-->[com.google.firebase:firebase-messaging:24.0.0] AndroidManifest.xml:62:17-82
124            <meta-data
124-->[com.google.firebase:firebase-database:21.0.0] AndroidManifest.xml:29:13-31:85
125                android:name="com.google.firebase.components:com.google.firebase.database.FirebaseDatabaseKtxRegistrar"
125-->[com.google.firebase:firebase-database:21.0.0] AndroidManifest.xml:30:17-120
126                android:value="com.google.firebase.components.ComponentRegistrar" />
126-->[com.google.firebase:firebase-database:21.0.0] AndroidManifest.xml:31:17-82
127            <meta-data
127-->[com.google.firebase:firebase-database:21.0.0] AndroidManifest.xml:32:13-34:85
128                android:name="com.google.firebase.components:com.google.firebase.database.DatabaseRegistrar"
128-->[com.google.firebase:firebase-database:21.0.0] AndroidManifest.xml:33:17-109
129                android:value="com.google.firebase.components.ComponentRegistrar" />
129-->[com.google.firebase:firebase-database:21.0.0] AndroidManifest.xml:34:17-82
130            <meta-data
130-->[com.google.firebase:firebase-storage:21.0.0] AndroidManifest.xml:30:13-32:85
131                android:name="com.google.firebase.components:com.google.firebase.storage.FirebaseStorageKtxRegistrar"
131-->[com.google.firebase:firebase-storage:21.0.0] AndroidManifest.xml:31:17-118
132                android:value="com.google.firebase.components.ComponentRegistrar" />
132-->[com.google.firebase:firebase-storage:21.0.0] AndroidManifest.xml:32:17-82
133            <meta-data
133-->[com.google.firebase:firebase-storage:21.0.0] AndroidManifest.xml:33:13-35:85
134                android:name="com.google.firebase.components:com.google.firebase.storage.StorageRegistrar"
134-->[com.google.firebase:firebase-storage:21.0.0] AndroidManifest.xml:34:17-107
135                android:value="com.google.firebase.components.ComponentRegistrar" />
135-->[com.google.firebase:firebase-storage:21.0.0] AndroidManifest.xml:35:17-82
136            <meta-data
136-->[com.google.android.gms:play-services-measurement-api:22.0.1] AndroidManifest.xml:37:13-39:85
137                android:name="com.google.firebase.components:com.google.firebase.analytics.connector.internal.AnalyticsConnectorRegistrar"
137-->[com.google.android.gms:play-services-measurement-api:22.0.1] AndroidManifest.xml:38:17-139
138                android:value="com.google.firebase.components.ComponentRegistrar" />
138-->[com.google.android.gms:play-services-measurement-api:22.0.1] AndroidManifest.xml:39:17-82
139            <meta-data
139-->[com.google.firebase:firebase-installations:18.0.0] AndroidManifest.xml:15:13-17:85
140                android:name="com.google.firebase.components:com.google.firebase.installations.FirebaseInstallationsKtxRegistrar"
140-->[com.google.firebase:firebase-installations:18.0.0] AndroidManifest.xml:16:17-130
141                android:value="com.google.firebase.components.ComponentRegistrar" />
141-->[com.google.firebase:firebase-installations:18.0.0] AndroidManifest.xml:17:17-82
142            <meta-data
142-->[com.google.firebase:firebase-installations:18.0.0] AndroidManifest.xml:18:13-20:85
143                android:name="com.google.firebase.components:com.google.firebase.installations.FirebaseInstallationsRegistrar"
143-->[com.google.firebase:firebase-installations:18.0.0] AndroidManifest.xml:19:17-127
144                android:value="com.google.firebase.components.ComponentRegistrar" />
144-->[com.google.firebase:firebase-installations:18.0.0] AndroidManifest.xml:20:17-82
145            <meta-data
145-->[com.google.firebase:firebase-appcheck:18.0.0] AndroidManifest.xml:25:13-27:85
146                android:name="com.google.firebase.components:com.google.firebase.appcheck.FirebaseAppCheckKtxRegistrar"
146-->[com.google.firebase:firebase-appcheck:18.0.0] AndroidManifest.xml:26:17-120
147                android:value="com.google.firebase.components.ComponentRegistrar" />
147-->[com.google.firebase:firebase-appcheck:18.0.0] AndroidManifest.xml:27:17-82
148            <meta-data
148-->[com.google.firebase:firebase-appcheck:18.0.0] AndroidManifest.xml:28:13-30:85
149                android:name="com.google.firebase.components:com.google.firebase.appcheck.FirebaseAppCheckRegistrar"
149-->[com.google.firebase:firebase-appcheck:18.0.0] AndroidManifest.xml:29:17-117
150                android:value="com.google.firebase.components.ComponentRegistrar" />
150-->[com.google.firebase:firebase-appcheck:18.0.0] AndroidManifest.xml:30:17-82
151            <meta-data
151-->[com.google.firebase:firebase-common-ktx:21.0.0] AndroidManifest.xml:12:13-14:85
152                android:name="com.google.firebase.components:com.google.firebase.ktx.FirebaseCommonLegacyRegistrar"
152-->[com.google.firebase:firebase-common-ktx:21.0.0] AndroidManifest.xml:13:17-116
153                android:value="com.google.firebase.components.ComponentRegistrar" />
153-->[com.google.firebase:firebase-common-ktx:21.0.0] AndroidManifest.xml:14:17-82
154            <meta-data
154-->[com.google.firebase:firebase-common:21.0.0] AndroidManifest.xml:35:13-37:85
155                android:name="com.google.firebase.components:com.google.firebase.FirebaseCommonKtxRegistrar"
155-->[com.google.firebase:firebase-common:21.0.0] AndroidManifest.xml:36:17-109
156                android:value="com.google.firebase.components.ComponentRegistrar" />
156-->[com.google.firebase:firebase-common:21.0.0] AndroidManifest.xml:37:17-82
157            <meta-data
157-->[com.google.firebase:firebase-datatransport:18.2.0] AndroidManifest.xml:25:13-27:85
158                android:name="com.google.firebase.components:com.google.firebase.datatransport.TransportRegistrar"
158-->[com.google.firebase:firebase-datatransport:18.2.0] AndroidManifest.xml:26:17-115
159                android:value="com.google.firebase.components.ComponentRegistrar" />
159-->[com.google.firebase:firebase-datatransport:18.2.0] AndroidManifest.xml:27:17-82
160        </service>
161
162        <activity
162-->[com.google.firebase:firebase-auth:23.0.0] AndroidManifest.xml:29:9-46:20
163            android:name="com.google.firebase.auth.internal.GenericIdpActivity"
163-->[com.google.firebase:firebase-auth:23.0.0] AndroidManifest.xml:30:13-80
164            android:excludeFromRecents="true"
164-->[com.google.firebase:firebase-auth:23.0.0] AndroidManifest.xml:31:13-46
165            android:exported="true"
165-->[com.google.firebase:firebase-auth:23.0.0] AndroidManifest.xml:32:13-36
166            android:launchMode="singleTask"
166-->[com.google.firebase:firebase-auth:23.0.0] AndroidManifest.xml:33:13-44
167            android:theme="@android:style/Theme.Translucent.NoTitleBar" >
167-->[com.google.firebase:firebase-auth:23.0.0] AndroidManifest.xml:34:13-72
168            <intent-filter>
168-->[com.google.firebase:firebase-auth:23.0.0] AndroidManifest.xml:35:13-45:29
169                <action android:name="android.intent.action.VIEW" />
169-->[com.google.firebase:firebase-auth:23.0.0] AndroidManifest.xml:36:17-69
169-->[com.google.firebase:firebase-auth:23.0.0] AndroidManifest.xml:36:25-66
170
171                <category android:name="android.intent.category.DEFAULT" />
171-->src\main\AndroidManifest.xml:48:17-76
171-->src\main\AndroidManifest.xml:48:27-73
172                <category android:name="android.intent.category.BROWSABLE" />
172-->[com.google.firebase:firebase-auth:23.0.0] AndroidManifest.xml:39:17-78
172-->[com.google.firebase:firebase-auth:23.0.0] AndroidManifest.xml:39:27-75
173
174                <data
174-->[com.google.firebase:firebase-auth:23.0.0] AndroidManifest.xml:41:17-44:51
175                    android:host="firebase.auth"
175-->[com.google.firebase:firebase-auth:23.0.0] AndroidManifest.xml:42:21-49
176                    android:path="/"
176-->[com.google.firebase:firebase-auth:23.0.0] AndroidManifest.xml:43:21-37
177                    android:scheme="genericidp" />
177-->[com.google.firebase:firebase-auth:23.0.0] AndroidManifest.xml:44:21-48
178            </intent-filter>
179        </activity>
180        <activity
180-->[com.google.firebase:firebase-auth:23.0.0] AndroidManifest.xml:47:9-64:20
181            android:name="com.google.firebase.auth.internal.RecaptchaActivity"
181-->[com.google.firebase:firebase-auth:23.0.0] AndroidManifest.xml:48:13-79
182            android:excludeFromRecents="true"
182-->[com.google.firebase:firebase-auth:23.0.0] AndroidManifest.xml:49:13-46
183            android:exported="true"
183-->[com.google.firebase:firebase-auth:23.0.0] AndroidManifest.xml:50:13-36
184            android:launchMode="singleTask"
184-->[com.google.firebase:firebase-auth:23.0.0] AndroidManifest.xml:51:13-44
185            android:theme="@android:style/Theme.Translucent.NoTitleBar" >
185-->[com.google.firebase:firebase-auth:23.0.0] AndroidManifest.xml:52:13-72
186            <intent-filter>
186-->[com.google.firebase:firebase-auth:23.0.0] AndroidManifest.xml:53:13-63:29
187                <action android:name="android.intent.action.VIEW" />
187-->[com.google.firebase:firebase-auth:23.0.0] AndroidManifest.xml:36:17-69
187-->[com.google.firebase:firebase-auth:23.0.0] AndroidManifest.xml:36:25-66
188
189                <category android:name="android.intent.category.DEFAULT" />
189-->src\main\AndroidManifest.xml:48:17-76
189-->src\main\AndroidManifest.xml:48:27-73
190                <category android:name="android.intent.category.BROWSABLE" />
190-->[com.google.firebase:firebase-auth:23.0.0] AndroidManifest.xml:39:17-78
190-->[com.google.firebase:firebase-auth:23.0.0] AndroidManifest.xml:39:27-75
191
192                <data
192-->[com.google.firebase:firebase-auth:23.0.0] AndroidManifest.xml:41:17-44:51
193                    android:host="firebase.auth"
193-->[com.google.firebase:firebase-auth:23.0.0] AndroidManifest.xml:42:21-49
194                    android:path="/"
194-->[com.google.firebase:firebase-auth:23.0.0] AndroidManifest.xml:43:21-37
195                    android:scheme="recaptcha" />
195-->[com.google.firebase:firebase-auth:23.0.0] AndroidManifest.xml:44:21-48
196            </intent-filter>
197        </activity>
198
199        <receiver
199-->[com.google.firebase:firebase-messaging:24.0.0] AndroidManifest.xml:29:9-40:20
200            android:name="com.google.firebase.iid.FirebaseInstanceIdReceiver"
200-->[com.google.firebase:firebase-messaging:24.0.0] AndroidManifest.xml:30:13-78
201            android:exported="true"
201-->[com.google.firebase:firebase-messaging:24.0.0] AndroidManifest.xml:31:13-36
202            android:permission="com.google.android.c2dm.permission.SEND" >
202-->[com.google.firebase:firebase-messaging:24.0.0] AndroidManifest.xml:32:13-73
203            <intent-filter>
203-->[com.google.firebase:firebase-messaging:24.0.0] AndroidManifest.xml:33:13-35:29
204                <action android:name="com.google.android.c2dm.intent.RECEIVE" />
204-->[com.google.firebase:firebase-messaging:24.0.0] AndroidManifest.xml:34:17-81
204-->[com.google.firebase:firebase-messaging:24.0.0] AndroidManifest.xml:34:25-78
205            </intent-filter>
206
207            <meta-data
207-->[com.google.firebase:firebase-messaging:24.0.0] AndroidManifest.xml:37:13-39:40
208                android:name="com.google.android.gms.cloudmessaging.FINISHED_AFTER_HANDLED"
208-->[com.google.firebase:firebase-messaging:24.0.0] AndroidManifest.xml:38:17-92
209                android:value="true" />
209-->[com.google.firebase:firebase-messaging:24.0.0] AndroidManifest.xml:39:17-37
210        </receiver>
211        <!--
212             FirebaseMessagingService performs security checks at runtime,
213             but set to not exported to explicitly avoid allowing another app to call it.
214        -->
215        <service
215-->[com.google.firebase:firebase-messaging:24.0.0] AndroidManifest.xml:46:9-53:19
216            android:name="com.google.firebase.messaging.FirebaseMessagingService"
216-->[com.google.firebase:firebase-messaging:24.0.0] AndroidManifest.xml:47:13-82
217            android:directBootAware="true"
217-->[com.google.firebase:firebase-messaging:24.0.0] AndroidManifest.xml:48:13-43
218            android:exported="false" >
218-->[com.google.firebase:firebase-messaging:24.0.0] AndroidManifest.xml:49:13-37
219            <intent-filter android:priority="-500" >
219-->src\main\AndroidManifest.xml:64:13-66:29
220                <action android:name="com.google.firebase.MESSAGING_EVENT" />
220-->src\main\AndroidManifest.xml:65:17-78
220-->src\main\AndroidManifest.xml:65:25-75
221            </intent-filter>
222        </service>
223
224        <property
224-->[com.google.android.gms:play-services-measurement-api:22.0.1] AndroidManifest.xml:30:9-32:61
225            android:name="android.adservices.AD_SERVICES_CONFIG"
225-->[com.google.android.gms:play-services-measurement-api:22.0.1] AndroidManifest.xml:31:13-65
226            android:resource="@xml/ga_ad_services_config" />
226-->[com.google.android.gms:play-services-measurement-api:22.0.1] AndroidManifest.xml:32:13-58
227
228        <provider
228-->[com.google.firebase:firebase-common:21.0.0] AndroidManifest.xml:23:9-28:39
229            android:name="com.google.firebase.provider.FirebaseInitProvider"
229-->[com.google.firebase:firebase-common:21.0.0] AndroidManifest.xml:24:13-77
230            android:authorities="com.geinzTienda.tiendasgeinzadmin.firebaseinitprovider"
230-->[com.google.firebase:firebase-common:21.0.0] AndroidManifest.xml:25:13-72
231            android:directBootAware="true"
231-->[com.google.firebase:firebase-common:21.0.0] AndroidManifest.xml:26:13-43
232            android:exported="false"
232-->[com.google.firebase:firebase-common:21.0.0] AndroidManifest.xml:27:13-37
233            android:initOrder="100" />
233-->[com.google.firebase:firebase-common:21.0.0] AndroidManifest.xml:28:13-36
234
235        <receiver
235-->[com.google.android.gms:play-services-measurement:22.0.1] AndroidManifest.xml:29:9-33:20
236            android:name="com.google.android.gms.measurement.AppMeasurementReceiver"
236-->[com.google.android.gms:play-services-measurement:22.0.1] AndroidManifest.xml:30:13-85
237            android:enabled="true"
237-->[com.google.android.gms:play-services-measurement:22.0.1] AndroidManifest.xml:31:13-35
238            android:exported="false" >
238-->[com.google.android.gms:play-services-measurement:22.0.1] AndroidManifest.xml:32:13-37
239        </receiver>
240
241        <service
241-->[com.google.android.gms:play-services-measurement:22.0.1] AndroidManifest.xml:35:9-38:40
242            android:name="com.google.android.gms.measurement.AppMeasurementService"
242-->[com.google.android.gms:play-services-measurement:22.0.1] AndroidManifest.xml:36:13-84
243            android:enabled="true"
243-->[com.google.android.gms:play-services-measurement:22.0.1] AndroidManifest.xml:37:13-35
244            android:exported="false" />
244-->[com.google.android.gms:play-services-measurement:22.0.1] AndroidManifest.xml:38:13-37
245        <service
245-->[com.google.android.gms:play-services-measurement:22.0.1] AndroidManifest.xml:39:9-43:72
246            android:name="com.google.android.gms.measurement.AppMeasurementJobService"
246-->[com.google.android.gms:play-services-measurement:22.0.1] AndroidManifest.xml:40:13-87
247            android:enabled="true"
247-->[com.google.android.gms:play-services-measurement:22.0.1] AndroidManifest.xml:41:13-35
248            android:exported="false"
248-->[com.google.android.gms:play-services-measurement:22.0.1] AndroidManifest.xml:42:13-37
249            android:permission="android.permission.BIND_JOB_SERVICE" />
249-->[com.google.android.gms:play-services-measurement:22.0.1] AndroidManifest.xml:43:13-69
250        <service
250-->[androidx.credentials:credentials-play-services-auth:1.2.0-rc01] AndroidManifest.xml:24:9-32:19
251            android:name="androidx.credentials.playservices.CredentialProviderMetadataHolder"
251-->[androidx.credentials:credentials-play-services-auth:1.2.0-rc01] AndroidManifest.xml:25:13-94
252            android:enabled="true"
252-->[androidx.credentials:credentials-play-services-auth:1.2.0-rc01] AndroidManifest.xml:26:13-35
253            android:exported="false" >
253-->[androidx.credentials:credentials-play-services-auth:1.2.0-rc01] AndroidManifest.xml:27:13-37
254            <meta-data
254-->[androidx.credentials:credentials-play-services-auth:1.2.0-rc01] AndroidManifest.xml:29:13-31:104
255                android:name="androidx.credentials.CREDENTIAL_PROVIDER_KEY"
255-->[androidx.credentials:credentials-play-services-auth:1.2.0-rc01] AndroidManifest.xml:30:17-76
256                android:value="androidx.credentials.playservices.CredentialProviderPlayServicesImpl" />
256-->[androidx.credentials:credentials-play-services-auth:1.2.0-rc01] AndroidManifest.xml:31:17-101
257        </service>
258
259        <activity